0 verbose cli [ '/usr/bin/node', '/usr/bin/npm', 'run', 'rgb-to-hsl' ]
1 info using npm@7.17.0
2 info using node@v14.19.0
3 timing npm:load:whichnode Completed in 8ms
4 timing config:load:defaults Completed in 1ms
5 timing config:load:file:/usr/lib/node_modules/npm/npmrc Completed in 3ms
6 timing config:load:builtin Completed in 4ms
7 timing config:load:cli Completed in 1ms
8 timing config:load:env Completed in 0ms
9 timing config:load:project Completed in 1ms
10 timing config:load:file:/home/vagrant/.npmrc Completed in 1ms
11 timing config:load:user Completed in 1ms
12 timing config:load:file:/etc/npmrc Completed in 0ms
13 timing config:load:global Completed in 0ms
14 timing config:load:validate Completed in 0ms
15 timing config:load:credentials Completed in 3ms
16 timing config:load:setEnvs Completed in 1ms
17 timing config:load Completed in 12ms
18 timing npm:load:configload Completed in 13ms
19 timing npm:load:setTitle Completed in 0ms
20 timing npm:load:setupLog Completed in 2ms
21 timing npm:load:cleanupLog Completed in 2ms
22 timing npm:load:configScope Completed in 0ms
23 timing npm:load:projectScope Completed in 0ms
24 timing npm:load Completed in 25ms
25 timing config:load:flatten Completed in 4ms
26 timing command:run-script Completed in 18ms
27 verbose stack Error: Missing script: "rgb-to-hsl"
27 verbose stack
27 verbose stack To see a list of scripts, run:
27 verbose stack   npm run
27 verbose stack     at RunScript.run (/usr/lib/node_modules/npm/lib/run-script.js:105:13)
28 verbose cwd /home/vagrant/esercizi/microservices
29 verbose Linux 5.10.78-0-virt
30 verbose argv "/usr/bin/node" "/usr/bin/npm" "run" "rgb-to-hsl"
31 verbose node v14.19.0
32 verbose npm  v7.17.0
33 error Missing script: "rgb-to-hsl"
33 error
33 error To see a list of scripts, run:
33 error   npm run
34 verbose exit 1
