0 verbose cli [ '/usr/bin/node', '/usr/bin/npm', 'run', 'component:test' ]
1 info using npm@7.17.0
2 info using node@v14.19.0
3 timing npm:load:whichnode Completed in 8ms
4 timing config:load:defaults Completed in 1ms
5 timing config:load:file:/usr/lib/node_modules/npm/npmrc Completed in 3ms
6 timing config:load:builtin Completed in 3ms
7 timing config:load:cli Completed in 2ms
8 timing config:load:env Completed in 0ms
9 timing config:load:file:/home/vagrant/esercizi/microservices/RgbToCmykConverter/.npmrc Completed in 0ms
10 timing config:load:project Completed in 1ms
11 timing config:load:file:/home/vagrant/.npmrc Completed in 0ms
12 timing config:load:user Completed in 0ms
13 timing config:load:file:/etc/npmrc Completed in 0ms
14 timing config:load:global Completed in 0ms
15 timing config:load:validate Completed in 0ms
16 timing config:load:credentials Completed in 1ms
17 timing config:load:setEnvs Completed in 1ms
18 timing config:load Completed in 10ms
19 timing npm:load:configload Completed in 10ms
20 timing npm:load:setTitle Completed in 0ms
21 timing npm:load:setupLog Completed in 2ms
22 timing npm:load:cleanupLog Completed in 2ms
23 timing npm:load:configScope Completed in 0ms
24 timing npm:load:projectScope Completed in 0ms
25 timing npm:load Completed in 24ms
26 timing config:load:flatten Completed in 3ms
27 timing command:run-script Completed in 17ms
28 verbose stack Error: Missing script: "component:test"
28 verbose stack
28 verbose stack To see a list of scripts, run:
28 verbose stack   npm run
28 verbose stack     at RunScript.run (/usr/lib/node_modules/npm/lib/run-script.js:105:13)
29 verbose cwd /home/vagrant/esercizi/microservices/RgbToCmykConverter
30 verbose Linux 5.10.78-0-virt
31 verbose argv "/usr/bin/node" "/usr/bin/npm" "run" "component:test"
32 verbose node v14.19.0
33 verbose npm  v7.17.0
34 error Missing script: "component:test"
34 error
34 error To see a list of scripts, run:
34 error   npm run
35 verbose exit 1
