[2022-04-21 06:52:35.653] [exthost] [info] Extension host with pid 3403 started
[2022-04-21 06:52:35.669] [exthost] [info] Lock '/home/vagrant/.vscode-server/data/User/workspaceStorage/d7ae032ce7fc91043c916e607c033df0/vscode.lock': Lock acquired.
[2022-04-21 06:52:35.971] [exthost] [info] ExtensionService#_doActivateExtension redhat.vscode-yaml, startup: false, activationEvent: 'onLanguage:dockercompose'
[2022-04-21 06:52:36.311] [exthost] [info] ExtensionService#_doActivateExtension vscode.debug-auto-launch, startup: true, activationEvent: '*'
[2022-04-21 06:52:36.321] [exthost] [info] ExtensionService#_doActivateExtension vscode.git-base, startup: true, activationEvent: '*', root cause: vscode.git
[2022-04-21 06:52:36.335] [exthost] [info] ExtensionService#_doActivateExtension vscode.ipynb, startup: true, activationEvent: '*'
[2022-04-21 06:52:36.552] [exthost] [info] ExtensionService#_doActivateExtension vscode.git, startup: true, activationEvent: '*'
[2022-04-21 06:52:36.727] [exthost] [info] ExtensionService#_doActivateExtension vscode.github, startup: true, activationEvent: '*'
[2022-04-21 06:52:36.906] [exthost] [info] ExtensionService#_doActivateExtension vscode.emmet, startup: false, activationEvent: 'onStartupFinished'
[2022-04-21 06:52:36.961] [exthost] [info] ExtensionService#_doActivateExtension vscode.merge-conflict, startup: false, activationEvent: 'onStartupFinished'
[2022-04-21 06:52:36.972] [exthost] [info] Eager extensions activated
[2022-04-21 06:52:37.404] [exthost] [warning] [redhat.vscode-yaml] Accessing a resource scoped configuration without providing a resource is not expected. To get the effective value for '[yaml]', provide the URI of a resource or 'null' for any resource.
[2022-04-21 06:53:09.909] [exthost] [info] ExtensionService#_doActivateExtension vscode.typescript-language-features, startup: false, activationEvent: 'onLanguage:typescript'
[2022-04-21 06:57:29.192] [exthost] [info] ExtensionService#_doActivateExtension vscode.configuration-editing, startup: false, activationEvent: 'onLanguage:json'
[2022-04-21 06:57:29.219] [exthost] [info] ExtensionService#_doActivateExtension vscode.extension-editing, startup: false, activationEvent: 'onLanguage:json'
[2022-04-21 06:57:29.251] [exthost] [info] ExtensionService#_doActivateExtension vscode.json-language-features, startup: false, activationEvent: 'onLanguage:json'
[2022-04-21 06:57:29.377] [exthost] [info] ExtensionService#_doActivateExtension vscode.npm, startup: false, activationEvent: 'onLanguage:json'
[2022-04-21 09:50:41.955] [exthost] [error] [redhat.vscode-yaml] provider FAILED
[2022-04-21 09:50:41.956] [exthost] [error] Error: name must not be falsy
	at Function.validate (/home/vagrant/.vscode-server/bin/dfd34e8260c270da74b5c2d86d61aee4b6d56977/out/vs/workbench/api/node/extensionHostProcess.js:76:131201)
	at new i (/home/vagrant/.vscode-server/bin/dfd34e8260c270da74b5c2d86d61aee4b6d56977/out/vs/workbench/api/node/extensionHostProcess.js:76:131150)
	at new i (/home/vagrant/.vscode-server/bin/dfd34e8260c270da74b5c2d86d61aee4b6d56977/out/vs/workbench/api/node/extensionHostProcess.js:76:117579)
	at H (/home/vagrant/.vscode-server/extensions/redhat.vscode-yaml-1.6.0/dist/extension.js:2:403728)
	at Array.map (<anonymous>)
	at Object.asDocumentSymbols (/home/vagrant/.vscode-server/extensions/redhat.vscode-yaml-1.6.0/dist/extension.js:2:409074)
	at /home/vagrant/.vscode-server/extensions/redhat.vscode-yaml-1.6.0/dist/extension.js:2:335126
	at async _.provideDocumentSymbols (/home/vagrant/.vscode-server/bin/dfd34e8260c270da74b5c2d86d61aee4b6d56977/out/vs/workbench/api/node/extensionHostProcess.js:85:95522)
[2022-04-21 09:50:42.806] [exthost] [error] [redhat.vscode-yaml] provider FAILED
[2022-04-21 09:50:42.806] [exthost] [error] Error: name must not be falsy
	at Function.validate (/home/vagrant/.vscode-server/bin/dfd34e8260c270da74b5c2d86d61aee4b6d56977/out/vs/workbench/api/node/extensionHostProcess.js:76:131201)
	at new i (/home/vagrant/.vscode-server/bin/dfd34e8260c270da74b5c2d86d61aee4b6d56977/out/vs/workbench/api/node/extensionHostProcess.js:76:131150)
	at new i (/home/vagrant/.vscode-server/bin/dfd34e8260c270da74b5c2d86d61aee4b6d56977/out/vs/workbench/api/node/extensionHostProcess.js:76:117579)
	at H (/home/vagrant/.vscode-server/extensions/redhat.vscode-yaml-1.6.0/dist/extension.js:2:403728)
	at H (/home/vagrant/.vscode-server/extensions/redhat.vscode-yaml-1.6.0/dist/extension.js:2:403903)
	at H (/home/vagrant/.vscode-server/extensions/redhat.vscode-yaml-1.6.0/dist/extension.js:2:403903)
	at Array.map (<anonymous>)
	at Object.asDocumentSymbols (/home/vagrant/.vscode-server/extensions/redhat.vscode-yaml-1.6.0/dist/extension.js:2:409074)
	at /home/vagrant/.vscode-server/extensions/redhat.vscode-yaml-1.6.0/dist/extension.js:2:335126
	at async _.provideDocumentSymbols (/home/vagrant/.vscode-server/bin/dfd34e8260c270da74b5c2d86d61aee4b6d56977/out/vs/workbench/api/node/extensionHostProcess.js:85:95522)
[2022-04-21 09:50:43.506] [exthost] [error] [redhat.vscode-yaml] provider FAILED
[2022-04-21 09:50:43.506] [exthost] [error] Error: name must not be falsy
	at Function.validate (/home/vagrant/.vscode-server/bin/dfd34e8260c270da74b5c2d86d61aee4b6d56977/out/vs/workbench/api/node/extensionHostProcess.js:76:131201)
	at new i (/home/vagrant/.vscode-server/bin/dfd34e8260c270da74b5c2d86d61aee4b6d56977/out/vs/workbench/api/node/extensionHostProcess.js:76:131150)
	at new i (/home/vagrant/.vscode-server/bin/dfd34e8260c270da74b5c2d86d61aee4b6d56977/out/vs/workbench/api/node/extensionHostProcess.js:76:117579)
	at H (/home/vagrant/.vscode-server/extensions/redhat.vscode-yaml-1.6.0/dist/extension.js:2:403728)
	at H (/home/vagrant/.vscode-server/extensions/redhat.vscode-yaml-1.6.0/dist/extension.js:2:403903)
	at Array.map (<anonymous>)
	at Object.asDocumentSymbols (/home/vagrant/.vscode-server/extensions/redhat.vscode-yaml-1.6.0/dist/extension.js:2:409074)
	at /home/vagrant/.vscode-server/extensions/redhat.vscode-yaml-1.6.0/dist/extension.js:2:335126
	at async _.provideDocumentSymbols (/home/vagrant/.vscode-server/bin/dfd34e8260c270da74b5c2d86d61aee4b6d56977/out/vs/workbench/api/node/extensionHostProcess.js:85:95522)
[2022-04-21 10:17:01.776] [exthost] [error] [redhat.vscode-yaml] provider FAILED
[2022-04-21 10:17:01.777] [exthost] [error] Error: name must not be falsy
	at Function.validate (/home/vagrant/.vscode-server/bin/dfd34e8260c270da74b5c2d86d61aee4b6d56977/out/vs/workbench/api/node/extensionHostProcess.js:76:131201)
	at new i (/home/vagrant/.vscode-server/bin/dfd34e8260c270da74b5c2d86d61aee4b6d56977/out/vs/workbench/api/node/extensionHostProcess.js:76:131150)
	at new i (/home/vagrant/.vscode-server/bin/dfd34e8260c270da74b5c2d86d61aee4b6d56977/out/vs/workbench/api/node/extensionHostProcess.js:76:117579)
	at H (/home/vagrant/.vscode-server/extensions/redhat.vscode-yaml-1.6.0/dist/extension.js:2:403728)
	at Array.map (<anonymous>)
	at Object.asDocumentSymbols (/home/vagrant/.vscode-server/extensions/redhat.vscode-yaml-1.6.0/dist/extension.js:2:409074)
	at /home/vagrant/.vscode-server/extensions/redhat.vscode-yaml-1.6.0/dist/extension.js:2:335126
	at async _.provideDocumentSymbols (/home/vagrant/.vscode-server/bin/dfd34e8260c270da74b5c2d86d61aee4b6d56977/out/vs/workbench/api/node/extensionHostProcess.js:85:95522)
[2022-04-21 10:17:02.380] [exthost] [error] [redhat.vscode-yaml] provider FAILED
[2022-04-21 10:17:02.380] [exthost] [error] Error: name must not be falsy
	at Function.validate (/home/vagrant/.vscode-server/bin/dfd34e8260c270da74b5c2d86d61aee4b6d56977/out/vs/workbench/api/node/extensionHostProcess.js:76:131201)
	at new i (/home/vagrant/.vscode-server/bin/dfd34e8260c270da74b5c2d86d61aee4b6d56977/out/vs/workbench/api/node/extensionHostProcess.js:76:131150)
	at new i (/home/vagrant/.vscode-server/bin/dfd34e8260c270da74b5c2d86d61aee4b6d56977/out/vs/workbench/api/node/extensionHostProcess.js:76:117579)
	at H (/home/vagrant/.vscode-server/extensions/redhat.vscode-yaml-1.6.0/dist/extension.js:2:403728)
	at H (/home/vagrant/.vscode-server/extensions/redhat.vscode-yaml-1.6.0/dist/extension.js:2:403903)
	at H (/home/vagrant/.vscode-server/extensions/redhat.vscode-yaml-1.6.0/dist/extension.js:2:403903)
	at Array.map (<anonymous>)
	at Object.asDocumentSymbols (/home/vagrant/.vscode-server/extensions/redhat.vscode-yaml-1.6.0/dist/extension.js:2:409074)
	at /home/vagrant/.vscode-server/extensions/redhat.vscode-yaml-1.6.0/dist/extension.js:2:335126
	at async _.provideDocumentSymbols (/home/vagrant/.vscode-server/bin/dfd34e8260c270da74b5c2d86d61aee4b6d56977/out/vs/workbench/api/node/extensionHostProcess.js:85:95522)
[2022-04-21 10:17:03.465] [exthost] [error] [redhat.vscode-yaml] provider FAILED
[2022-04-21 10:17:03.465] [exthost] [error] Error: name must not be falsy
	at Function.validate (/home/vagrant/.vscode-server/bin/dfd34e8260c270da74b5c2d86d61aee4b6d56977/out/vs/workbench/api/node/extensionHostProcess.js:76:131201)
	at new i (/home/vagrant/.vscode-server/bin/dfd34e8260c270da74b5c2d86d61aee4b6d56977/out/vs/workbench/api/node/extensionHostProcess.js:76:131150)
	at new i (/home/vagrant/.vscode-server/bin/dfd34e8260c270da74b5c2d86d61aee4b6d56977/out/vs/workbench/api/node/extensionHostProcess.js:76:117579)
	at H (/home/vagrant/.vscode-server/extensions/redhat.vscode-yaml-1.6.0/dist/extension.js:2:403728)
	at H (/home/vagrant/.vscode-server/extensions/redhat.vscode-yaml-1.6.0/dist/extension.js:2:403903)
	at Array.map (<anonymous>)
	at Object.asDocumentSymbols (/home/vagrant/.vscode-server/extensions/redhat.vscode-yaml-1.6.0/dist/extension.js:2:409074)
	at /home/vagrant/.vscode-server/extensions/redhat.vscode-yaml-1.6.0/dist/extension.js:2:335126
	at async _.provideDocumentSymbols (/home/vagrant/.vscode-server/bin/dfd34e8260c270da74b5c2d86d61aee4b6d56977/out/vs/workbench/api/node/extensionHostProcess.js:85:95522)
